117
: SQLite objects created in a thread can only be used in that same thread. The object was created in thread id 132146806081344 and this is thread id 132146782012992.

During handling of the above exception, another exception occurred:

Traceback (most recent call last):
  File "/home/mrigankp/fuzz4py/cpython/Lib/threading.py", line 1041, in _bootstrap_inner
    self.run()
    ~~~~~~~~^^
  File "/home/mrigankp/fuzz4py/cpython/Lib/threading.py", line 992, in run
    self._target(*self._args, **self._kwargs)
    ~~~~~~~~~~~~^^^^^^^^^^^^^^^^^^^^^^^^^^^^^
  File "/home/mrigankp/fuzz4py/fuzz4py/inputs/117.py", line 39, in thread_func
    db['key2'] = 'value2'
    ~~^^^^^^^^
  File "/home/mrigankp/fuzz4py/cpython/Lib/dbm/sqlite3.py", line 96, in __setitem__
    self._execute(STORE_KV, (key, value))
    ~~~~~~~~~~~~~^^^^^^^^^^^^^^^^^^^^^^^^
  File "/home/mrigankp/fuzz4py/cpython/Lib/dbm/sqlite3.py", line 81, in _execute
    raise error(str(exc))
dbm.sqlite3.error: SQLite objects created in a thread can only be used in that same thread. The object was created in thread id 132146806081344 and this is thread id 132146782012992.


118
: SQLite objects created in a thread can only be used in that same thread. The object was created in thread id 131160224552768 and this is thread id 131160069899840.

During handling of the above exception, another exception occurred:

Traceback (most recent call last):
  File "/home/mrigankp/fuzz4py/cpython/Lib/threading.py", line 1041, in _bootstrap_inner
    self.run()
    ~~~~~~~~^^
  File "/home/mrigankp/fuzz4py/cpython/Lib/threading.py", line 992, in run
    self._target(*self._args, **self._kwargs)
    ~~~~~~~~~~~~^^^^^^^^^^^^^^^^^^^^^^^^^^^^^
  File "/home/mrigankp/fuzz4py/fuzz4py/inputs/118.py", line 220, in thread_func
    db['key2'] = 'value2'
    ~~^^^^^^^^
  File "/home/mrigankp/fuzz4py/cpython/Lib/dbm/sqlite3.py", line 96, in __setitem__
    self._execute(STORE_KV, (key, value))
    ~~~~~~~~~~~~~^^^^^^^^^^^^^^^^^^^^^^^^
  File "/home/mrigankp/fuzz4py/cpython/Lib/dbm/sqlite3.py", line 81, in _execute
    raise error(str(exc))
dbm.sqlite3.error: SQLite objects created in a thread can only be used in that same thread. The object was created in thread id 131160224552768 and this is thread id 131160069899840.


146
: SQLite objects created in a thread can only be used in that same thread. The object was created in thread id 134066287220544 and this is thread id 134066116494912.
  File "/home/mrigankp/fuzz4py/cpython/Lib/threading.py", line 1041, in _bootstrap_inner
    self.run()
    ~~~~~~~~^^
  File "/home/mrigankp/fuzz4py/cpython/Lib/threading.py", line 992, in run
    self._target(*self._args, **self._kwargs)
    ~~~~~~~~~~~~^^^^^^^^^^^^^^^^^^^^^^^^^^^^^
Traceback (most recent call last):

During handling of the above exception, another exception occurred:

Traceback (most recent call last):
  File "/home/mrigankp/fuzz4py/cpython/Lib/threading.py", line 992, in run
    self._target(*self._args, **self._kwargs)
    ~~~~~~~~~~~~^^^^^^^^^^^^^^^^^^^^^^^^^^^^^

During handling of the above exception, another exception occurred:

Traceback (most recent call last):
  File "/home/mrigankp/fuzz4py/cpython/Lib/threading.py", line 1041, in _bootstrap_inner
    self.run()
    ~~~~~~~~^^
  File "/home/mrigankp/fuzz4py/cpython/Lib/threading.py", line 1041, in _bootstrap_inner
    self.run()
    ~~~~~~~~^^
  File "/home/mrigankp/fuzz4py/fuzz4py/inputs/146.py", line 18, in worker
    db[key] = data
    ~~^^^^^
  File "/home/mrigankp/fuzz4py/cpython/Lib/threading.py", line 1041, in _bootstrap_inner
    self.run()
    ~~~~~~~~^^
Traceback (most recent call last):
  File "/home/mrigankp/fuzz4py/cpython/Lib/threading.py", line 992, in run
    self._target(*self._args, **self._kwargs)
    ~~~~~~~~~~~~^^^^^^^^^^^^^^^^^^^^^^^^^^^^^
  File "/home/mrigankp/fuzz4py/fuzz4py/inputs/146.py", line 18, in worker
    db[key] = data
    ~~^^^^^
  File "/home/mrigankp/fuzz4py/cpython/Lib/threading.py", line 992, in run
    self._target(*self._args, **self._kwargs)
    ~~~~~~~~~~~~^^^^^^^^^^^^^^^^^^^^^^^^^^^^^
  File "/home/mrigankp/fuzz4py/cpython/Lib/threading.py", line 992, in run
    self._target(*self._args, **self._kwargs)
    ~~~~~~~~~~~~^^^^^^^^^^^^^^^^^^^^^^^^^^^^^
  File "/home/mrigankp/fuzz4py/fuzz4py/inputs/146.py", line 18, in worker
    db[key] = data
    ~~^^^^^
Traceback (most recent call last):
  File "/home/mrigankp/fuzz4py/fuzz4py/inputs/146.py", line 18, in worker
    db[key] = data
    ~~^^^^^
  File "/home/mrigankp/fuzz4py/cpython/Lib/dbm/sqlite3.py", line 96, in __setitem__
    self._execute(STORE_KV, (key, value))
    ~~~~~~~~~~~~~^^^^^^^^^^^^^^^^^^^^^^^^
  File "/home/mrigankp/fuzz4py/cpython/Lib/dbm/sqlite3.py", line 81, in _execute
    raise error(str(exc))
  File "/home/mrigankp/fuzz4py/cpython/Lib/dbm/sqlite3.py", line 96, in __setitem__
    self._execute(STORE_KV, (key, value))
    ~~~~~~~~~~~~~^^^^^^^^^^^^^^^^^^^^^^^^
  File "/home/mrigankp/fuzz4py/cpython/Lib/dbm/sqlite3.py", line 96, in __setitem__
    self._execute(STORE_KV, (key, value))
    ~~~~~~~~~~~~~^^^^^^^^^^^^^^^^^^^^^^^^
  File "/home/mrigankp/fuzz4py/fuzz4py/inputs/146.py", line 18, in worker
    db[key] = data
    ~~^^^^^
dbm.sqlite3.error: SQLite objects created in a thread can only be used in that same thread. The object was created in thread id 134066287220544 and this is thread id 134066252809792.
  File "/home/mrigankp/fuzz4py/cpython/Lib/threading.py", line 1041, in _bootstrap_inner
    self.run()
    ~~~~~~~~^^
  File "/home/mrigankp/fuzz4py/cpython/Lib/threading.py", line 992, in run
    self._target(*self._args, **self._kwargs)
    ~~~~~~~~~~~~^^^^^^^^^^^^^^^^^^^^^^^^^^^^^
  File "/home/mrigankp/fuzz4py/cpython/Lib/dbm/sqlite3.py", line 96, in __setitem__
    self._execute(STORE_KV, (key, value))
    ~~~~~~~~~~~~~^^^^^^^^^^^^^^^^^^^^^^^^
  File "/home/mrigankp/fuzz4py/cpython/Lib/dbm/sqlite3.py", line 81, in _execute
    raise error(str(exc))
  File "/home/mrigankp/fuzz4py/cpython/Lib/dbm/sqlite3.py", line 81, in _execute
    raise error(str(exc))
  File "/home/mrigankp/fuzz4py/fuzz4py/inputs/146.py", line 18, in worker
    db[key] = data
    ~~^^^^^
  File "/home/mrigankp/fuzz4py/cpython/Lib/threading.py", line 1041, in _bootstrap_inner
    self.run()
    ~~~~~~~~^^
dbm.sqlite3.error: SQLite objects created in a thread can only be used in that same thread. The object was created in thread id 134066287220544 and this is thread id 134066242324032.
dbm.sqlite3.error: SQLite objects created in a thread can only be used in that same thread. The object was created in thread id 134066287220544 and this is thread id 134066126980672.
  File "/home/mrigankp/fuzz4py/cpython/Lib/dbm/sqlite3.py", line 96, in __setitem__
    self._execute(STORE_KV, (key, value))
    ~~~~~~~~~~~~~^^^^^^^^^^^^^^^^^^^^^^^^
  File "/home/mrigankp/fuzz4py/cpython/Lib/dbm/sqlite3.py", line 81, in _execute
    raise error(str(exc))
  File "/home/mrigankp/fuzz4py/cpython/Lib/threading.py", line 992, in run
    self._target(*self._args, **self._kwargs)
    ~~~~~~~~~~~~^^^^^^^^^^^^^^^^^^^^^^^^^^^^^
  File "/home/mrigankp/fuzz4py/cpython/Lib/dbm/sqlite3.py", line 96, in __setitem__
    self._execute(STORE_KV, (key, value))
    ~~~~~~~~~~~~~^^^^^^^^^^^^^^^^^^^^^^^^
dbm.sqlite3.error: SQLite objects created in a thread can only be used in that same thread. The object was created in thread id 134066287220544 and this is thread id 134066116494912.
  File "/home/mrigankp/fuzz4py/cpython/Lib/dbm/sqlite3.py", line 81, in _execute
    raise error(str(exc))
dbm.sqlite3.error: SQLite objects created in a thread can only be used in that same thread. The object was created in thread id 134066287220544 and this is thread id 134066221352512.
  File "/home/mrigankp/fuzz4py/cpython/Lib/dbm/sqlite3.py", line 81, in _execute
    raise error(str(exc))
  File "/home/mrigankp/fuzz4py/fuzz4py/inputs/146.py", line 18, in worker
    db[key] = data
    ~~^^^^^
dbm.sqlite3.error: SQLite objects created in a thread can only be used in that same thread. The object was created in thread id 134066287220544 and this is thread id 134066231838272.
  File "/home/mrigankp/fuzz4py/cpython/Lib/dbm/sqlite3.py", line 96, in __setitem__
    self._execute(STORE_KV, (key, value))
    ~~~~~~~~~~~~~^^^^^^^^^^^^^^^^^^^^^^^^
  File "/home/mrigankp/fuzz4py/cpython/Lib/dbm/sqlite3.py", line 81, in _execute
    raise error(str(exc))
dbm.sqlite3.error: SQLite objects created in a thread can only be used in that same thread. The object was created in thread id 134066287220544 and this is thread id 134066210866752.


147
: SQLite objects created in a thread can only be used in that same thread. The object was created in thread id 125138486163264 and this is thread id 125138303452736.
  File "/home/mrigankp/fuzz4py/cpython/Lib/threading.py", line 1041, in _bootstrap_inner
    self.run()
    ~~~~~~~~^^

During handling of the above exception, another exception occurred:

Traceback (most recent call last):
Traceback (most recent call last):
  File "/home/mrigankp/fuzz4py/cpython/Lib/threading.py", line 992, in run
    self._target(*self._args, **self._kwargs)
    ~~~~~~~~~~~~^^^^^^^^^^^^^^^^^^^^^^^^^^^^^
Traceback (most recent call last):
  File "/home/mrigankp/fuzz4py/cpython/Lib/threading.py", line 1041, in _bootstrap_inner
    self.run()
    ~~~~~~~~^^
  File "/home/mrigankp/fuzz4py/cpython/Lib/threading.py", line 1041, in _bootstrap_inner
    self.run()
    ~~~~~~~~^^
  File "/home/mrigankp/fuzz4py/fuzz4py/inputs/147.py", line 80, in worker
    db[key] = data
    ~~^^^^^
  File "/home/mrigankp/fuzz4py/cpython/Lib/threading.py", line 1041, in _bootstrap_inner
    self.run()
    ~~~~~~~~^^
  File "/home/mrigankp/fuzz4py/cpython/Lib/threading.py", line 1041, in _bootstrap_inner
    self.run()
    ~~~~~~~~^^
  File "/home/mrigankp/fuzz4py/cpython/Lib/threading.py", line 992, in run
    self._target(*self._args, **self._kwargs)
    ~~~~~~~~~~~~^^^^^^^^^^^^^^^^^^^^^^^^^^^^^
  File "/home/mrigankp/fuzz4py/cpython/Lib/dbm/sqlite3.py", line 96, in __setitem__
    self._execute(STORE_KV, (key, value))
    ~~~~~~~~~~~~~^^^^^^^^^^^^^^^^^^^^^^^^
  File "/home/mrigankp/fuzz4py/cpython/Lib/threading.py", line 992, in run
    self._target(*self._args, **self._kwargs)
    ~~~~~~~~~~~~^^^^^^^^^^^^^^^^^^^^^^^^^^^^^
  File "/home/mrigankp/fuzz4py/cpython/Lib/threading.py", line 992, in run
    self._target(*self._args, **self._kwargs)
    ~~~~~~~~~~~~^^^^^^^^^^^^^^^^^^^^^^^^^^^^^
  File "/home/mrigankp/fuzz4py/fuzz4py/inputs/147.py", line 80, in worker
    db[key] = data
    ~~^^^^^
  File "/home/mrigankp/fuzz4py/cpython/Lib/dbm/sqlite3.py", line 81, in _execute
    raise error(str(exc))
  File "/home/mrigankp/fuzz4py/cpython/Lib/threading.py", line 1041, in _bootstrap_inner
    self.run()
    ~~~~~~~~^^
  File "/home/mrigankp/fuzz4py/fuzz4py/inputs/147.py", line 80, in worker
    db[key] = data
    ~~^^^^^
  File "/home/mrigankp/fuzz4py/cpython/Lib/dbm/sqlite3.py", line 96, in __setitem__
    self._execute(STORE_KV, (key, value))
    ~~~~~~~~~~~~~^^^^^^^^^^^^^^^^^^^^^^^^
dbm.sqlite3.error: SQLite objects created in a thread can only be used in that same thread. The object was created in thread id 125138486163264 and this is thread id 125138355881536.
  File "/home/mrigankp/fuzz4py/cpython/Lib/threading.py", line 992, in run
    self._target(*self._args, **self._kwargs)
    ~~~~~~~~~~~~^^^^^^^^^^^^^^^^^^^^^^^^^^^^^
  File "/home/mrigankp/fuzz4py/cpython/Lib/dbm/sqlite3.py", line 96, in __setitem__
    self._execute(STORE_KV, (key, value))
    ~~~~~~~~~~~~~^^^^^^^^^^^^^^^^^^^^^^^^
  File "/home/mrigankp/fuzz4py/fuzz4py/inputs/147.py", line 80, in worker
    db[key] = data
    ~~^^^^^
  File "/home/mrigankp/fuzz4py/cpython/Lib/threading.py", line 992, in run
    self._target(*self._args, **self._kwargs)
    ~~~~~~~~~~~~^^^^^^^^^^^^^^^^^^^^^^^^^^^^^
  File "/home/mrigankp/fuzz4py/cpython/Lib/dbm/sqlite3.py", line 81, in _execute
    raise error(str(exc))

During handling of the above exception, another exception occurred:

  File "/home/mrigankp/fuzz4py/cpython/Lib/dbm/sqlite3.py", line 81, in _execute
    raise error(str(exc))
  File "/home/mrigankp/fuzz4py/cpython/Lib/dbm/sqlite3.py", line 96, in __setitem__
    self._execute(STORE_KV, (key, value))
    ~~~~~~~~~~~~~^^^^^^^^^^^^^^^^^^^^^^^^
  File "/home/mrigankp/fuzz4py/fuzz4py/inputs/147.py", line 80, in worker
    db[key] = data
    ~~^^^^^
  File "/home/mrigankp/fuzz4py/fuzz4py/inputs/147.py", line 80, in worker
    db[key] = data
    ~~^^^^^
dbm.sqlite3.error: SQLite objects created in a thread can only be used in that same thread. The object was created in thread id 125138486163264 and this is thread id 125138452350528.
  File "/home/mrigankp/fuzz4py/cpython/Lib/dbm/sqlite3.py", line 81, in _execute
    raise error(str(exc))
  File "/home/mrigankp/fuzz4py/cpython/Lib/dbm/sqlite3.py", line 96, in __setitem__
    self._execute(STORE_KV, (key, value))
    ~~~~~~~~~~~~~^^^^^^^^^^^^^^^^^^^^^^^^
Traceback (most recent call last):
dbm.sqlite3.error: SQLite objects created in a thread can only be used in that same thread. The object was created in thread id 125138486163264 and this is thread id 125138313938496.
  File "/home/mrigankp/fuzz4py/cpython/Lib/dbm/sqlite3.py", line 96, in __setitem__
    self._execute(STORE_KV, (key, value))
    ~~~~~~~~~~~~~^^^^^^^^^^^^^^^^^^^^^^^^
  File "/home/mrigankp/fuzz4py/cpython/Lib/dbm/sqlite3.py", line 81, in _execute
    raise error(str(exc))
  File "/home/mrigankp/fuzz4py/cpython/Lib/dbm/sqlite3.py", line 81, in _execute
    raise error(str(exc))
dbm.sqlite3.error: SQLite objects created in a thread can only be used in that same thread. The object was created in thread id 125138486163264 and this is thread id 125138462836288.
  File "/home/mrigankp/fuzz4py/cpython/Lib/threading.py", line 1041, in _bootstrap_inner
    self.run()
    ~~~~~~~~^^
dbm.sqlite3.error: SQLite objects created in a thread can only be used in that same thread. The object was created in thread id 125138486163264 and this is thread id 125138324424256.
dbm.sqlite3.error: SQLite objects created in a thread can only be used in that same thread. The object was created in thread id 125138486163264 and this is thread id 125138366367296.
  File "/home/mrigankp/fuzz4py/cpython/Lib/threading.py", line 992, in run
    self._target(*self._args, **self._kwargs)
    ~~~~~~~~~~~~^^^^^^^^^^^^^^^^^^^^^^^^^^^^^
  File "/home/mrigankp/fuzz4py/fuzz4py/inputs/147.py", line 80, in worker
    db[key] = data
    ~~^^^^^
  File "/home/mrigankp/fuzz4py/cpython/Lib/dbm/sqlite3.py", line 96, in __setitem__
    self._execute(STORE_KV, (key, value))
    ~~~~~~~~~~~~~^^^^^^^^^^^^^^^^^^^^^^^^
  File "/home/mrigankp/fuzz4py/cpython/Lib/dbm/sqlite3.py", line 81, in _execute
    raise error(str(exc))
dbm.sqlite3.error: SQLite objects created in a thread can only be used in that same thread. The object was created in thread id 125138486163264 and this is thread id 125138303452736.


148
: SQLite objects created in a thread can only be used in that same thread. The object was created in thread id 138905641105216 and this is thread id 138905481381440.
  File "/home/mrigankp/fuzz4py/cpython/Lib/dbm/sqlite3.py", line 81, in _execute
    raise error(str(exc))
  File "/home/mrigankp/fuzz4py/fuzz4py/inputs/148.py", line 80, in worker
    db[key] = data
    ~~^^^^^
  File "/home/mrigankp/fuzz4py/cpython/Lib/threading.py", line 992, in run
    self._target(*self._args, **self._kwargs)
    ~~~~~~~~~~~~^^^^^^^^^^^^^^^^^^^^^^^^^^^^^

During handling of the above exception, another exception occurred:

  File "/home/mrigankp/fuzz4py/fuzz4py/inputs/148.py", line 80, in worker
    db[key] = data
    ~~^^^^^
  File "/home/mrigankp/fuzz4py/cpython/Lib/dbm/sqlite3.py", line 96, in __setitem__
    self._execute(STORE_KV, (key, value))
    ~~~~~~~~~~~~~^^^^^^^^^^^^^^^^^^^^^^^^
dbm.sqlite3.error: SQLite objects created in a thread can only be used in that same thread. The object was created in thread id 138905641105216 and this is thread id 138905607210560.
dbm.sqlite3.error: SQLite objects created in a thread can only be used in that same thread. The object was created in thread id 138905641105216 and this is thread id 138905617696320.
  File "/home/mrigankp/fuzz4py/cpython/Lib/threading.py", line 1041, in _bootstrap_inner
    self.run()
    ~~~~~~~~^^
  File "/home/mrigankp/fuzz4py/cpython/Lib/dbm/sqlite3.py", line 81, in _execute
    raise error(str(exc))
Traceback (most recent call last):
  File "/home/mrigankp/fuzz4py/fuzz4py/inputs/148.py", line 80, in worker
    db[key] = data
    ~~^^^^^
dbm.sqlite3.error: SQLite objects created in a thread can only be used in that same thread. The object was created in thread id 138905641105216 and this is thread id 138905470895680.
  File "/home/mrigankp/fuzz4py/cpython/Lib/threading.py", line 992, in run
    self._target(*self._args, **self._kwargs)
    ~~~~~~~~~~~~^^^^^^^^^^^^^^^^^^^^^^^^^^^^^
  File "/home/mrigankp/fuzz4py/cpython/Lib/dbm/sqlite3.py", line 96, in __setitem__
    self._execute(STORE_KV, (key, value))
    ~~~~~~~~~~~~~^^^^^^^^^^^^^^^^^^^^^^^^
  File "/home/mrigankp/fuzz4py/fuzz4py/inputs/148.py", line 80, in worker
    db[key] = data
    ~~^^^^^
  File "/home/mrigankp/fuzz4py/cpython/Lib/dbm/sqlite3.py", line 81, in _execute
    raise error(str(exc))
  File "/home/mrigankp/fuzz4py/cpython/Lib/threading.py", line 1041, in _bootstrap_inner
    self.run()
    ~~~~~~~~^^
  File "/home/mrigankp/fuzz4py/cpython/Lib/dbm/sqlite3.py", line 96, in __setitem__
    self._execute(STORE_KV, (key, value))
    ~~~~~~~~~~~~~^^^^^^^^^^^^^^^^^^^^^^^^
dbm.sqlite3.error: SQLite objects created in a thread can only be used in that same thread. The object was created in thread id 138905641105216 and this is thread id 138905596724800.
  File "/home/mrigankp/fuzz4py/cpython/Lib/dbm/sqlite3.py", line 96, in __setitem__
    self._execute(STORE_KV, (key, value))
    ~~~~~~~~~~~~~^^^^^^^^^^^^^^^^^^^^^^^^
  File "/home/mrigankp/fuzz4py/cpython/Lib/threading.py", line 992, in run
    self._target(*self._args, **self._kwargs)
    ~~~~~~~~~~~~^^^^^^^^^^^^^^^^^^^^^^^^^^^^^
  File "/home/mrigankp/fuzz4py/cpython/Lib/dbm/sqlite3.py", line 81, in _execute
    raise error(str(exc))
  File "/home/mrigankp/fuzz4py/cpython/Lib/dbm/sqlite3.py", line 81, in _execute
    raise error(str(exc))
  File "/home/mrigankp/fuzz4py/fuzz4py/inputs/148.py", line 80, in worker
    db[key] = data
    ~~^^^^^
dbm.sqlite3.error: SQLite objects created in a thread can only be used in that same thread. The object was created in thread id 138905641105216 and this is thread id 138905586239040.
  File "/home/mrigankp/fuzz4py/cpython/Lib/dbm/sqlite3.py", line 96, in __setitem__
    self._execute(STORE_KV, (key, value))
    ~~~~~~~~~~~~~^^^^^^^^^^^^^^^^^^^^^^^^
dbm.sqlite3.error: SQLite objects created in a thread can only be used in that same thread. The object was created in thread id 138905641105216 and this is thread id 138905460409920.
  File "/home/mrigankp/fuzz4py/cpython/Lib/dbm/sqlite3.py", line 81, in _execute
    raise error(str(exc))
dbm.sqlite3.error: SQLite objects created in a thread can only be used in that same thread. The object was created in thread id 138905641105216 and this is thread id 138905481381440.


149
: SQLite objects created in a thread can only be used in that same thread. The object was created in thread id 135056475731776 and this is thread id 135056307783232.
Traceback (most recent call last):
  File "/home/mrigankp/fuzz4py/cpython/Lib/threading.py", line 1041, in _bootstrap_inner
    self.run()
    ~~~~~~~~^^

During handling of the above exception, another exception occurred:


During handling of the above exception, another exception occurred:


During handling of the above exception, another exception occurred:

  File "/home/mrigankp/fuzz4py/cpython/Lib/threading.py", line 1041, in _bootstrap_inner
    self.run()
    ~~~~~~~~^^

During handling of the above exception, another exception occurred:

Traceback (most recent call last):
Traceback (most recent call last):
  File "/home/mrigankp/fuzz4py/cpython/Lib/threading.py", line 992, in run
    self._target(*self._args, **self._kwargs)
    ~~~~~~~~~~~~^^^^^^^^^^^^^^^^^^^^^^^^^^^^^
  File "/home/mrigankp/fuzz4py/cpython/Lib/dbm/sqlite3.py", line 96, in __setitem__
    self._execute(STORE_KV, (key, value))
    ~~~~~~~~~~~~~^^^^^^^^^^^^^^^^^^^^^^^^
dbm.sqlite3.error: SQLite objects created in a thread can only be used in that same thread. The object was created in thread id 135056475731776 and this is thread id 135056318268992.
Traceback (most recent call last):
  File "/home/mrigankp/fuzz4py/cpython/Lib/threading.py", line 1041, in _bootstrap_inner
    self.run()
    ~~~~~~~~^^
Traceback (most recent call last):
  File "/home/mrigankp/fuzz4py/cpython/Lib/threading.py", line 1041, in _bootstrap_inner
    self.run()
    ~~~~~~~~^^
  File "/home/mrigankp/fuzz4py/cpython/Lib/threading.py", line 992, in run
    self._target(*self._args, **self._kwargs)
    ~~~~~~~~~~~~^^^^^^^^^^^^^^^^^^^^^^^^^^^^^
  File "/home/mrigankp/fuzz4py/cpython/Lib/threading.py", line 1041, in _bootstrap_inner
    self.run()
    ~~~~~~~~^^
  File "/home/mrigankp/fuzz4py/cpython/Lib/dbm/sqlite3.py", line 81, in _execute
    raise error(str(exc))
dbm.sqlite3.error: SQLite objects created in a thread can only be used in that same thread. The object was created in thread id 135056475731776 and this is thread id 135056423126592.
  File "/home/mrigankp/fuzz4py/fuzz4py/inputs/149.py", line 77, in worker
    db[key] = data
    ~~^^^^^
  File "/home/mrigankp/fuzz4py/cpython/Lib/threading.py", line 992, in run
    self._target(*self._args, **self._kwargs)
    ~~~~~~~~~~~~^^^^^^^^^^^^^^^^^^^^^^^^^^^^^
  File "/home/mrigankp/fuzz4py/cpython/Lib/threading.py", line 992, in run
    self._target(*self._args, **self._kwargs)
    ~~~~~~~~~~~~^^^^^^^^^^^^^^^^^^^^^^^^^^^^^
  File "/home/mrigankp/fuzz4py/fuzz4py/inputs/149.py", line 77, in worker
    db[key] = data
    ~~^^^^^
  File "/home/mrigankp/fuzz4py/cpython/Lib/threading.py", line 1041, in _bootstrap_inner
    self.run()
    ~~~~~~~~^^
  File "/home/mrigankp/fuzz4py/fuzz4py/inputs/149.py", line 77, in worker
    db[key] = data
    ~~^^^^^
  File "/home/mrigankp/fuzz4py/fuzz4py/inputs/149.py", line 77, in worker
    db[key] = data
    ~~^^^^^
  File "/home/mrigankp/fuzz4py/cpython/Lib/dbm/sqlite3.py", line 96, in __setitem__
    self._execute(STORE_KV, (key, value))
    ~~~~~~~~~~~~~^^^^^^^^^^^^^^^^^^^^^^^^
  File "/home/mrigankp/fuzz4py/cpython/Lib/threading.py", line 992, in run
    self._target(*self._args, **self._kwargs)
    ~~~~~~~~~~~~^^^^^^^^^^^^^^^^^^^^^^^^^^^^^
  File "/home/mrigankp/fuzz4py/cpython/Lib/dbm/sqlite3.py", line 96, in __setitem__
    self._execute(STORE_KV, (key, value))
    ~~~~~~~~~~~~~^^^^^^^^^^^^^^^^^^^^^^^^
  File "/home/mrigankp/fuzz4py/cpython/Lib/dbm/sqlite3.py", line 96, in __setitem__
    self._execute(STORE_KV, (key, value))
    ~~~~~~~~~~~~~^^^^^^^^^^^^^^^^^^^^^^^^
  File "/home/mrigankp/fuzz4py/fuzz4py/inputs/149.py", line 77, in worker
    db[key] = data
    ~~^^^^^
  File "/home/mrigankp/fuzz4py/cpython/Lib/dbm/sqlite3.py", line 81, in _execute
    raise error(str(exc))
  File "/home/mrigankp/fuzz4py/cpython/Lib/dbm/sqlite3.py", line 81, in _execute
    raise error(str(exc))
  File "/home/mrigankp/fuzz4py/cpython/Lib/threading.py", line 992, in run
    self._target(*self._args, **self._kwargs)
    ~~~~~~~~~~~~^^^^^^^^^^^^^^^^^^^^^^^^^^^^^
  File "/home/mrigankp/fuzz4py/cpython/Lib/dbm/sqlite3.py", line 96, in __setitem__
    self._execute(STORE_KV, (key, value))
    ~~~~~~~~~~~~~^^^^^^^^^^^^^^^^^^^^^^^^
  File "/home/mrigankp/fuzz4py/cpython/Lib/dbm/sqlite3.py", line 81, in _execute
    raise error(str(exc))
  File "/home/mrigankp/fuzz4py/cpython/Lib/dbm/sqlite3.py", line 96, in __setitem__
    self._execute(STORE_KV, (key, value))
    ~~~~~~~~~~~~~^^^^^^^^^^^^^^^^^^^^^^^^
  File "/home/mrigankp/fuzz4py/fuzz4py/inputs/149.py", line 77, in worker
    db[key] = data
    ~~^^^^^
  File "/home/mrigankp/fuzz4py/cpython/Lib/dbm/sqlite3.py", line 81, in _execute
    raise error(str(exc))
dbm.sqlite3.error: SQLite objects created in a thread can only be used in that same thread. The object was created in thread id 135056475731776 and this is thread id 135056412640832.
dbm.sqlite3.error: SQLite objects created in a thread can only be used in that same thread. The object was created in thread id 135056475731776 and this is thread id 135056286811712.
  File "/home/mrigankp/fuzz4py/cpython/Lib/dbm/sqlite3.py", line 96, in __setitem__
    self._execute(STORE_KV, (key, value))
    ~~~~~~~~~~~~~^^^^^^^^^^^^^^^^^^^^^^^^
dbm.sqlite3.error: SQLite objects created in a thread can only be used in that same thread. The object was created in thread id 135056475731776 and this is thread id 135056297297472.
  File "/home/mrigankp/fuzz4py/cpython/Lib/dbm/sqlite3.py", line 81, in _execute
    raise error(str(exc))
dbm.sqlite3.error: SQLite objects created in a thread can only be used in that same thread. The object was created in thread id 135056475731776 and this is thread id 135056307783232.
dbm.sqlite3.error: SQLite objects created in a thread can only be used in that same thread. The object was created in thread id 135056475731776 and this is thread id 135056444098112.
  File "/home/mrigankp/fuzz4py/cpython/Lib/dbm/sqlite3.py", line 81, in _execute
    raise error(str(exc))
dbm.sqlite3.error: SQLite objects created in a thread can only be used in that same thread. The object was created in thread id 135056475731776 and this is thread id 135056433612352.


150
: SQLite objects created in a thread can only be used in that same thread. The object was created in thread id 139113445103424 and this is thread id 139113244132928.
  File "/home/mrigankp/fuzz4py/cpython/Lib/threading.py", line 1041, in _bootstrap_inner
    self.run()
    ~~~~~~~~^^

During handling of the above exception, another exception occurred:

  File "/home/mrigankp/fuzz4py/cpython/Lib/threading.py", line 992, in run
    self._target(*self._args, **self._kwargs)
    ~~~~~~~~~~~~^^^^^^^^^^^^^^^^^^^^^^^^^^^^^
Traceback (most recent call last):
  File "/home/mrigankp/fuzz4py/fuzz4py/inputs/150.py", line 82, in worker
    db[key] = data
    ~~^^^^^
  File "/home/mrigankp/fuzz4py/cpython/Lib/dbm/sqlite3.py", line 96, in __setitem__
    self._execute(STORE_KV, (key, value))
    ~~~~~~~~~~~~~^^^^^^^^^^^^^^^^^^^^^^^^
  File "/home/mrigankp/fuzz4py/cpython/Lib/dbm/sqlite3.py", line 81, in _execute
    raise error(str(exc))
dbm.sqlite3.error: SQLite objects created in a thread can only be used in that same thread. The object was created in thread id 139113445103424 and this is thread id 139113317533248.
  File "/home/mrigankp/fuzz4py/cpython/Lib/threading.py", line 1041, in _bootstrap_inner
    self.run()
    ~~~~~~~~^^
  File "/home/mrigankp/fuzz4py/cpython/Lib/threading.py", line 992, in run
    self._target(*self._args, **self._kwargs)
    ~~~~~~~~~~~~^^^^^^^^^^^^^^^^^^^^^^^^^^^^^
  File "/home/mrigankp/fuzz4py/fuzz4py/inputs/150.py", line 82, in worker
    db[key] = data
    ~~^^^^^
  File "/home/mrigankp/fuzz4py/cpython/Lib/dbm/sqlite3.py", line 96, in __setitem__
    self._execute(STORE_KV, (key, value))
    ~~~~~~~~~~~~~^^^^^^^^^^^^^^^^^^^^^^^^
  File "/home/mrigankp/fuzz4py/cpython/Lib/dbm/sqlite3.py", line 81, in _execute
    raise error(str(exc))
dbm.sqlite3.error: SQLite objects created in a thread can only be used in that same thread. The object was created in thread id 139113445103424 and this is thread id 139113244132928.


472
: SQLite objects created in a thread can only be used in that same thread. The object was created in thread id 128276079327040 and this is thread id 128275963708992.
Traceback (most recent call last):
  File "/home/mrigankp/fuzz4py/fuzz4py/inputs/472.py", line 16, in worker
    db[str(i)] = data[i]
    ~~^^^^^^^^

During handling of the above exception, another exception occurred:

  File "/home/mrigankp/fuzz4py/cpython/Lib/threading.py", line 992, in run
    self._target(*self._args, **self._kwargs)
    ~~~~~~~~~~~~^^^^^^^^^^^^^^^^^^^^^^^^^^^^^
Traceback (most recent call last):
  File "/home/mrigankp/fuzz4py/cpython/Lib/threading.py", line 1041, in _bootstrap_inner
    self.run()
    ~~~~~~~~^^
  File "/home/mrigankp/fuzz4py/fuzz4py/inputs/472.py", line 16, in worker
    db[str(i)] = data[i]
    ~~^^^^^^^^
Traceback (most recent call last):
  File "/home/mrigankp/fuzz4py/cpython/Lib/threading.py", line 992, in run
    self._target(*self._args, **self._kwargs)
    ~~~~~~~~~~~~^^^^^^^^^^^^^^^^^^^^^^^^^^^^^
  File "/home/mrigankp/fuzz4py/cpython/Lib/dbm/sqlite3.py", line 96, in __setitem__
    self._execute(STORE_KV, (key, value))
    ~~~~~~~~~~~~~^^^^^^^^^^^^^^^^^^^^^^^^
  File "/home/mrigankp/fuzz4py/cpython/Lib/threading.py", line 1041, in _bootstrap_inner
    self.run()
    ~~~~~~~~^^
  File "/home/mrigankp/fuzz4py/fuzz4py/inputs/472.py", line 16, in worker
    db[str(i)] = data[i]
    ~~^^^^^^^^
  File "/home/mrigankp/fuzz4py/cpython/Lib/dbm/sqlite3.py", line 81, in _execute
    raise error(str(exc))
  File "/home/mrigankp/fuzz4py/cpython/Lib/threading.py", line 1041, in _bootstrap_inner
    self.run()
    ~~~~~~~~^^
  File "/home/mrigankp/fuzz4py/cpython/Lib/dbm/sqlite3.py", line 96, in __setitem__
    self._execute(STORE_KV, (key, value))
    ~~~~~~~~~~~~~^^^^^^^^^^^^^^^^^^^^^^^^
dbm.sqlite3.error: SQLite objects created in a thread can only be used in that same thread. The object was created in thread id 128276079327040 and this is thread id 128275974194752.
  File "/home/mrigankp/fuzz4py/cpython/Lib/dbm/sqlite3.py", line 96, in __setitem__
    self._execute(STORE_KV, (key, value))
    ~~~~~~~~~~~~~^^^^^^^^^^^^^^^^^^^^^^^^
  File "/home/mrigankp/fuzz4py/cpython/Lib/threading.py", line 992, in run
    self._target(*self._args, **self._kwargs)
    ~~~~~~~~~~~~^^^^^^^^^^^^^^^^^^^^^^^^^^^^^
  File "/home/mrigankp/fuzz4py/cpython/Lib/dbm/sqlite3.py", line 81, in _execute
    raise error(str(exc))
  File "/home/mrigankp/fuzz4py/cpython/Lib/threading.py", line 992, in run
    self._target(*self._args, **self._kwargs)
    ~~~~~~~~~~~~^^^^^^^^^^^^^^^^^^^^^^^^^^^^^
  File "/home/mrigankp/fuzz4py/fuzz4py/inputs/472.py", line 16, in worker
    db[str(i)] = data[i]
    ~~^^^^^^^^
dbm.sqlite3.error: SQLite objects created in a thread can only be used in that same thread. The object was created in thread id 128276079327040 and this is thread id 128275953223232.
  File "/home/mrigankp/fuzz4py/cpython/Lib/dbm/sqlite3.py", line 81, in _execute
    raise error(str(exc))
  File "/home/mrigankp/fuzz4py/cpython/Lib/dbm/sqlite3.py", line 96, in __setitem__
    self._execute(STORE_KV, (key, value))
    ~~~~~~~~~~~~~^^^^^^^^^^^^^^^^^^^^^^^^
dbm.sqlite3.error: SQLite objects created in a thread can only be used in that same thread. The object was created in thread id 128276079327040 and this is thread id 128276053886528.
  File "/home/mrigankp/fuzz4py/cpython/Lib/dbm/sqlite3.py", line 81, in _execute
    raise error(str(exc))
  File "/home/mrigankp/fuzz4py/fuzz4py/inputs/472.py", line 16, in worker
    db[str(i)] = data[i]
    ~~^^^^^^^^
dbm.sqlite3.error: SQLite objects created in a thread can only be used in that same thread. The object was created in thread id 128276079327040 and this is thread id 128275942737472.
  File "/home/mrigankp/fuzz4py/cpython/Lib/dbm/sqlite3.py", line 96, in __setitem__
    self._execute(STORE_KV, (key, value))
    ~~~~~~~~~~~~~^^^^^^^^^^^^^^^^^^^^^^^^
  File "/home/mrigankp/fuzz4py/cpython/Lib/dbm/sqlite3.py", line 81, in _execute
    raise error(str(exc))
dbm.sqlite3.error: SQLite objects created in a thread can only be used in that same thread. The object was created in thread id 128276079327040 and this is thread id 128275963708992.


622
: SQLite objects created in a thread can only be used in that same thread. The object was created in thread id 134084063549248 and this is thread id 134083900343872.


665
: SQLite objects created in a thread can only be used in that same thread. The object was created in thread id 134617045432128 and this is thread id 134616992187968.


666
: SQLite objects created in a thread can only be used in that same thread. The object was created in thread id 130403685234496 and this is thread id 130403652339264.


670
: SQLite objects created in a thread can only be used in that same thread. The object was created in thread id 135262478546752 and this is thread id 135262445241920.


671
: SQLite objects created in a thread can only be used in that same thread. The object was created in thread id 134607413421888 and this is thread id 134607282374208.


672
: SQLite objects created in a thread can only be used in that same thread. The object was created in thread id 134271228303168 and this is thread id 134271205377600.


674
: SQLite objects created in a thread can only be used in that same thread. The object was created in thread id 134238107998016 and this is thread id 134237971809856.


675
: SQLite objects created in a thread can only be used in that same thread. The object was created in thread id 132006955919168 and this is thread id 132006912460352.


790
: SQLite objects created in a thread can only be used in that same thread. The object was created in thread id 123988330428224 and this is thread id 123985157162560.
dbm.sqlite3.error: SQLite objects created in a thread can only be used in that same thread. The object was created in thread id 123988330428224 and this is thread id 123986365122112.
  File "/home/mrigankp/fuzz4py/cpython/Lib/dbm/sqlite3.py", line 81, in _execute
    raise error(str(exc))
  File "/home/mrigankp/fuzz4py/cpython/Lib/threading.py", line 992, in run
    self._target(*self._args, **self._kwargs)
    ~~~~~~~~~~~~^^^^^^^^^^^^^^^^^^^^^^^^^^^^^
  File "/home/mrigankp/fuzz4py/cpython/Lib/dbm/sqlite3.py", line 96, in __setitem__
    self._execute(STORE_KV, (key, value))
    ~~~~~~~~~~~~~^^^^^^^^^^^^^^^^^^^^^^^^
  File "/home/mrigankp/fuzz4py/cpython/Lib/dbm/sqlite3.py", line 96, in __setitem__
    self._execute(STORE_KV, (key, value))
    ~~~~~~~~~~~~~^^^^^^^^^^^^^^^^^^^^^^^^
  File "/home/mrigankp/fuzz4py/cpython/Lib/threading.py", line 1041, in _bootstrap_inner
    self.run()
    ~~~~~~~~^^
dbm.sqlite3.error: SQLite objects created in a thread can only be used in that same thread. The object was created in thread id 123988330428224 and this is thread id 123985740170816.
  File "/home/mrigankp/fuzz4py/cpython/Lib/dbm/sqlite3.py", line 96, in __setitem__
    self._execute(STORE_KV, (key, value))
    ~~~~~~~~~~~~~^^^^^^^^^^^^^^^^^^^^^^^^
dbm.sqlite3.error: SQLite objects created in a thread can only be used in that same thread. The object was created in thread id 123988330428224 and this is thread id 123988286113344.
  File "/home/mrigankp/fuzz4py/cpython/Lib/dbm/sqlite3.py", line 96, in __setitem__
    self._execute(STORE_KV, (key, value))
    ~~~~~~~~~~~~~^^^^^^^^^^^^^^^^^^^^^^^^
  File "/home/mrigankp/fuzz4py/cpython/Lib/threading.py", line 992, in run
    self._target(*self._args, **self._kwargs)
    ~~~~~~~~~~~~^^^^^^^^^^^^^^^^^^^^^^^^^^^^^
  File "/home/mrigankp/fuzz4py/cpython/Lib/threading.py", line 992, in run
    self._target(*self._args, **self._kwargs)
    ~~~~~~~~~~~~^^^^^^^^^^^^^^^^^^^^^^^^^^^^^
  File "/home/mrigankp/fuzz4py/cpython/Lib/dbm/sqlite3.py", line 96, in __setitem__
    self._execute(STORE_KV, (key, value))
    ~~~~~~~~~~~~~^^^^^^^^^^^^^^^^^^^^^^^^
  File "/home/mrigankp/fuzz4py/cpython/Lib/dbm/sqlite3.py", line 81, in _execute
    raise error(str(exc))
dbm.sqlite3.error: SQLite objects created in a thread can only be used in that same thread. The object was created in thread id 123988330428224 and this is thread id 123986132338240.
  File "/home/mrigankp/fuzz4py/cpython/Lib/dbm/sqlite3.py", line 96, in __setitem__
    self._execute(STORE_KV, (key, value))
    ~~~~~~~~~~~~~^^^^^^^^^^^^^^^^^^^^^^^^
  File "/home/mrigankp/fuzz4py/cpython/Lib/dbm/sqlite3.py", line 81, in _execute
    raise error(str(exc))
  File "/home/mrigankp/fuzz4py/cpython/Lib/dbm/sqlite3.py", line 96, in __setitem__
    self._execute(STORE_KV, (key, value))
    ~~~~~~~~~~~~~^^^^^^^^^^^^^^^^^^^^^^^^
dbm.sqlite3.error: SQLite objects created in a thread can only be used in that same thread. The object was created in thread id 123988330428224 and this is thread id 123987159942720.
  File "/home/mrigankp/fuzz4py/cpython/Lib/dbm/sqlite3.py", line 96, in __setitem__
    self._execute(STORE_KV, (key, value))
    ~~~~~~~~~~~~~^^^^^^^^^^^^^^^^^^^^^^^^
  File "/home/mrigankp/fuzz4py/cpython/Lib/dbm/sqlite3.py", line 81, in _execute
    raise error(str(exc))
  File "/home/mrigankp/fuzz4py/cpython/Lib/threading.py", line 992, in run
    self._target(*self._args, **self._kwargs)
    ~~~~~~~~~~~~^^^^^^^^^^^^^^^^^^^^^^^^^^^^^
  File "/home/mrigankp/fuzz4py/cpython/Lib/threading.py", line 1041, in _bootstrap_inner
    self.run()
    ~~~~~~~~^^
dbm.sqlite3.error: SQLite objects created in a thread can only be used in that same thread. The object was created in thread id 123988330428224 and this is thread id 123985538844224.
  File "/home/mrigankp/fuzz4py/cpython/Lib/threading.py", line 1041, in _bootstrap_inner
    self.run()
    ~~~~~~~~^^
  File "/home/mrigankp/fuzz4py/cpython/Lib/dbm/sqlite3.py", line 81, in _execute
    raise error(str(exc))
  File "/home/mrigankp/fuzz4py/cpython/Lib/dbm/sqlite3.py", line 81, in _execute
    raise error(str(exc))
  File "/home/mrigankp/fuzz4py/cpython/Lib/dbm/sqlite3.py", line 81, in _execute
    raise error(str(exc))
  File "/home/mrigankp/fuzz4py/cpython/Lib/dbm/sqlite3.py", line 96, in __setitem__
    self._execute(STORE_KV, (key, value))
    ~~~~~~~~~~~~~^^^^^^^^^^^^^^^^^^^^^^^^
  File "/home/mrigankp/fuzz4py/cpython/Lib/dbm/sqlite3.py", line 81, in _execute
    raise error(str(exc))
  File "/home/mrigankp/fuzz4py/cpython/Lib/dbm/sqlite3.py", line 81, in _execute
    raise error(str(exc))
  File "/home/mrigankp/fuzz4py/cpython/Lib/threading.py", line 992, in run
    self._target(*self._args, **self._kwargs)
    ~~~~~~~~~~~~^^^^^^^^^^^^^^^^^^^^^^^^^^^^^
  File "/home/mrigankp/fuzz4py/cpython/Lib/dbm/sqlite3.py", line 96, in __setitem__
    self._execute(STORE_KV, (key, value))
    ~~~~~~~~~~~~~^^^^^^^^^^^^^^^^^^^^^^^^
dbm.sqlite3.error: SQLite objects created in a thread can only be used in that same thread. The object was created in thread id 123988330428224 and this is thread id 123985327031872.
  File "/home/mrigankp/fuzz4py/cpython/Lib/dbm/sqlite3.py", line 81, in _execute
    raise error(str(exc))
  File "/home/mrigankp/fuzz4py/cpython/Lib/dbm/sqlite3.py", line 81, in _execute
    raise error(str(exc))
  File "/home/mrigankp/fuzz4py/cpython/Lib/dbm/sqlite3.py", line 81, in _execute
    raise error(str(exc))
  File "/home/mrigankp/fuzz4py/cpython/Lib/dbm/sqlite3.py", line 96, in __setitem__
    self._execute(STORE_KV, (key, value))
    ~~~~~~~~~~~~~^^^^^^^^^^^^^^^^^^^^^^^^
  File "/home/mrigankp/fuzz4py/cpython/Lib/dbm/sqlite3.py", line 81, in _execute
    raise error(str(exc))
  File "/home/mrigankp/fuzz4py/cpython/Lib/dbm/sqlite3.py", line 81, in _execute
    raise error(str(exc))
dbm.sqlite3.error: SQLite objects created in a thread can only be used in that same thread. The object was created in thread id 123988330428224 and this is thread id 123985136191040.
  File "/home/mrigankp/fuzz4py/fuzz4py/inputs/790.py", line 15, in worker
    db[str(data)] = data * 2
    ~~^^^^^^^^^^^
  File "/home/mrigankp/fuzz4py/cpython/Lib/dbm/sqlite3.py", line 96, in __setitem__
    self._execute(STORE_KV, (key, value))
    ~~~~~~~~~~~~~^^^^^^^^^^^^^^^^^^^^^^^^
  File "/home/mrigankp/fuzz4py/fuzz4py/inputs/790.py", line 15, in worker
    db[str(data)] = data * 2
    ~~^^^^^^^^^^^
  File "/home/mrigankp/fuzz4py/cpython/Lib/threading.py", line 992, in run
    self._target(*self._args, **self._kwargs)
    ~~~~~~~~~~~~^^^^^^^^^^^^^^^^^^^^^^^^^^^^^
  File "/home/mrigankp/fuzz4py/fuzz4py/inputs/790.py", line 15, in worker
    db[str(data)] = data * 2
    ~~^^^^^^^^^^^
dbm.sqlite3.error: SQLite objects created in a thread can only be used in that same thread. The object was created in thread id 123988330428224 and this is thread id 123988187547200.
  File "/home/mrigankp/fuzz4py/fuzz4py/inputs/790.py", line 15, in worker
    db[str(data)] = data * 2
    ~~^^^^^^^^^^^
dbm.sqlite3.error: SQLite objects created in a thread can only be used in that same thread. The object was created in thread id 123988330428224 and this is thread id 123986121852480.
dbm.sqlite3.error: SQLite objects created in a thread can only be used in that same thread. The object was created in thread id 123988330428224 and this is thread id 123985517872704.
  File "/home/mrigankp/fuzz4py/cpython/Lib/threading.py", line 992, in run
    self._target(*self._args, **self._kwargs)
    ~~~~~~~~~~~~^^^^^^^^^^^^^^^^^^^^^^^^^^^^^
  File "/home/mrigankp/fuzz4py/cpython/Lib/dbm/sqlite3.py", line 96, in __setitem__
    self._execute(STORE_KV, (key, value))
    ~~~~~~~~~~~~~^^^^^^^^^^^^^^^^^^^^^^^^
  File "/home/mrigankp/fuzz4py/cpython/Lib/threading.py", line 992, in run
    self._target(*self._args, **self._kwargs)
    ~~~~~~~~~~~~^^^^^^^^^^^^^^^^^^^^^^^^^^^^^
  File "/home/mrigankp/fuzz4py/cpython/Lib/threading.py", line 992, in run
    self._target(*self._args, **self._kwargs)
    ~~~~~~~~~~~~^^^^^^^^^^^^^^^^^^^^^^^^^^^^^
  File "/home/mrigankp/fuzz4py/cpython/Lib/threading.py", line 1041, in _bootstrap_inner
    self.run()
    ~~~~~~~~^^
  File "/home/mrigankp/fuzz4py/cpython/Lib/dbm/sqlite3.py", line 96, in __setitem__
    self._execute(STORE_KV, (key, value))
    ~~~~~~~~~~~~~^^^^^^^^^^^^^^^^^^^^^^^^
  File "/home/mrigankp/fuzz4py/fuzz4py/inputs/790.py", line 15, in worker
    db[str(data)] = data * 2
    ~~^^^^^^^^^^^
dbm.sqlite3.error: SQLite objects created in a thread can only be used in that same thread. The object was created in thread id 123988330428224 and this is thread id 123987340297792.

During handling of the above exception, another exception occurred:

dbm.sqlite3.error: SQLite objects created in a thread can only be used in that same thread. The object was created in thread id 123988330428224 and this is thread id 123988275627584.
  File "/home/mrigankp/fuzz4py/cpython/Lib/dbm/sqlite3.py", line 81, in _execute
    raise error(str(exc))
  File "/home/mrigankp/fuzz4py/fuzz4py/inputs/790.py", line 15, in worker
    db[str(data)] = data * 2
    ~~^^^^^^^^^^^
  File "/home/mrigankp/fuzz4py/cpython/Lib/threading.py", line 1041, in _bootstrap_inner
    self.run()
    ~~~~~~~~^^
  File "/home/mrigankp/fuzz4py/cpython/Lib/dbm/sqlite3.py", line 96, in __setitem__
    self._execute(STORE_KV, (key, value))
    ~~~~~~~~~~~~~^^^^^^^^^^^^^^^^^^^^^^^^
dbm.sqlite3.error: SQLite objects created in a thread can only be used in that same thread. The object was created in thread id 123988330428224 and this is thread id 123985750656576.
dbm.sqlite3.error: SQLite objects created in a thread can only be used in that same thread. The object was created in thread id 123988330428224 and this is thread id 123987329812032.
  File "/home/mrigankp/fuzz4py/cpython/Lib/dbm/sqlite3.py", line 81, in _execute
    raise error(str(exc))
dbm.sqlite3.error: SQLite objects created in a thread can only be used in that same thread. The object was created in thread id 123988330428224 and this is thread id 123985146676800.
  File "/home/mrigankp/fuzz4py/fuzz4py/inputs/790.py", line 15, in worker
    db[str(data)] = data * 2
    ~~^^^^^^^^^^^
  File "/home/mrigankp/fuzz4py/cpython/Lib/dbm/sqlite3.py", line 96, in __setitem__
    self._execute(STORE_KV, (key, value))
    ~~~~~~~~~~~~~^^^^^^^^^^^^^^^^^^^^^^^^
  File "/home/mrigankp/fuzz4py/cpython/Lib/dbm/sqlite3.py", line 96, in __setitem__
    self._execute(STORE_KV, (key, value))
    ~~~~~~~~~~~~~^^^^^^^^^^^^^^^^^^^^^^^^
  File "/home/mrigankp/fuzz4py/fuzz4py/inputs/790.py", line 15, in worker
    db[str(data)] = data * 2
    ~~^^^^^^^^^^^
  File "/home/mrigankp/fuzz4py/cpython/Lib/dbm/sqlite3.py", line 81, in _execute
    raise error(str(exc))
  File "/home/mrigankp/fuzz4py/cpython/Lib/dbm/sqlite3.py", line 96, in __setitem__
    self._execute(STORE_KV, (key, value))
    ~~~~~~~~~~~~~^^^^^^^^^^^^^^^^^^^^^^^^
  File "/home/mrigankp/fuzz4py/fuzz4py/inputs/790.py", line 15, in worker
    db[str(data)] = data * 2
    ~~^^^^^^^^^^^
  File "/home/mrigankp/fuzz4py/fuzz4py/inputs/790.py", line 15, in worker
    db[str(data)] = data * 2
    ~~^^^^^^^^^^^
  File "/home/mrigankp/fuzz4py/cpython/Lib/dbm/sqlite3.py", line 81, in _execute
    raise error(str(exc))
  File "/home/mrigankp/fuzz4py/cpython/Lib/dbm/sqlite3.py", line 96, in __setitem__
    self._execute(STORE_KV, (key, value))
    ~~~~~~~~~~~~~^^^^^^^^^^^^^^^^^^^^^^^^
  File "/home/mrigankp/fuzz4py/fuzz4py/inputs/790.py", line 15, in worker
    db[str(data)] = data * 2
    ~~^^^^^^^^^^^
dbm.sqlite3.error: SQLite objects created in a thread can only be used in that same thread. The object was created in thread id 123988330428224 and this is thread id 123987138971200.
dbm.sqlite3.error: SQLite objects created in a thread can only be used in that same thread. The object was created in thread id 123988330428224 and this is thread id 123986354636352.
  File "/home/mrigankp/fuzz4py/cpython/Lib/dbm/sqlite3.py", line 96, in __setitem__
    self._execute(STORE_KV, (key, value))
    ~~~~~~~~~~~~~^^^^^^^^^^^^^^^^^^^^^^^^
  File "/home/mrigankp/fuzz4py/cpython/Lib/threading.py", line 992, in run
    self._target(*self._args, **self._kwargs)
    ~~~~~~~~~~~~^^^^^^^^^^^^^^^^^^^^^^^^^^^^^
dbm.sqlite3.error: SQLite objects created in a thread can only be used in that same thread. The object was created in thread id 123988330428224 and this is thread id 123988307084864.
  File "/home/mrigankp/fuzz4py/cpython/Lib/dbm/sqlite3.py", line 96, in __setitem__
    self._execute(STORE_KV, (key, value))
    ~~~~~~~~~~~~~^^^^^^^^^^^^^^^^^^^^^^^^
  File "/home/mrigankp/fuzz4py/cpython/Lib/threading.py", line 1041, in _bootstrap_inner
    self.run()
    ~~~~~~~~^^
  File "/home/mrigankp/fuzz4py/cpython/Lib/threading.py", line 992, in run
    self._target(*self._args, **self._kwargs)
    ~~~~~~~~~~~~^^^^^^^^^^^^^^^^^^^^^^^^^^^^^
  File "/home/mrigankp/fuzz4py/cpython/Lib/dbm/sqlite3.py", line 96, in __setitem__
    self._execute(STORE_KV, (key, value))
    ~~~~~~~~~~~~~^^^^^^^^^^^^^^^^^^^^^^^^
  File "/home/mrigankp/fuzz4py/cpython/Lib/dbm/sqlite3.py", line 81, in _execute
    raise error(str(exc))
  File "/home/mrigankp/fuzz4py/cpython/Lib/dbm/sqlite3.py", line 81, in _execute
    raise error(str(exc))
  File "/home/mrigankp/fuzz4py/cpython/Lib/dbm/sqlite3.py", line 81, in _execute
    raise error(str(exc))
  File "/home/mrigankp/fuzz4py/cpython/Lib/dbm/sqlite3.py", line 81, in _execute
    raise error(str(exc))
dbm.sqlite3.error: SQLite objects created in a thread can only be used in that same thread. The object was created in thread id 123988330428224 and this is thread id 123988145604160.
dbm.sqlite3.error: SQLite objects created in a thread can only be used in that same thread. The object was created in thread id 123988330428224 and this is thread id 123986566448704.
  File "/home/mrigankp/fuzz4py/cpython/Lib/dbm/sqlite3.py", line 81, in _execute
    raise error(str(exc))
  File "/home/mrigankp/fuzz4py/cpython/Lib/dbm/sqlite3.py", line 81, in _execute
    raise error(str(exc))
  File "/home/mrigankp/fuzz4py/cpython/Lib/dbm/sqlite3.py", line 96, in __setitem__
    self._execute(STORE_KV, (key, value))
    ~~~~~~~~~~~~~^^^^^^^^^^^^^^^^^^^^^^^^
dbm.sqlite3.error: SQLite objects created in a thread can only be used in that same thread. The object was created in thread id 123988330428224 and this is thread id 123985368974912.
dbm.sqlite3.error: SQLite objects created in a thread can only be used in that same thread. The object was created in thread id 123988330428224 and this is thread id 123986534991424.
  File "/home/mrigankp/fuzz4py/cpython/Lib/dbm/sqlite3.py", line 81, in _execute
    raise error(str(exc))
  File "/home/mrigankp/fuzz4py/cpython/Lib/threading.py", line 992, in run
    self._target(*self._args, **self._kwargs)
    ~~~~~~~~~~~~^^^^^^^^^^^^^^^^^^^^^^^^^^^^^
Traceback (most recent call last):
  File "/home/mrigankp/fuzz4py/fuzz4py/inputs/790.py", line 15, in worker
    db[str(data)] = data * 2
    ~~^^^^^^^^^^^
  File "/home/mrigankp/fuzz4py/cpython/Lib/dbm/sqlite3.py", line 81, in _execute
    raise error(str(exc))
  File "/home/mrigankp/fuzz4py/fuzz4py/inputs/790.py", line 15, in worker
    db[str(data)] = data * 2
    ~~^^^^^^^^^^^
dbm.sqlite3.error: SQLite objects created in a thread can only be used in that same thread. The object was created in thread id 123988330428224 and this is thread id 123985719199296.
  File "/home/mrigankp/fuzz4py/cpython/Lib/dbm/sqlite3.py", line 96, in __setitem__
    self._execute(STORE_KV, (key, value))
    ~~~~~~~~~~~~~^^^^^^^^^^^^^^^^^^^^^^^^
dbm.sqlite3.error: SQLite objects created in a thread can only be used in that same thread. The object was created in thread id 123988330428224 and this is thread id 123986174281280.
dbm.sqlite3.error: SQLite objects created in a thread can only be used in that same thread. The object was created in thread id 123988330428224 and this is thread id 123987170428480.
dbm.sqlite3.error: SQLite objects created in a thread can only be used in that same thread. The object was created in thread id 123988330428224 and this is thread id 123986576934464.
dbm.sqlite3.error: SQLite objects created in a thread can only be used in that same thread. The object was created in thread id 123988330428224 and this is thread id 123986958616128.
dbm.sqlite3.error: SQLite objects created in a thread can only be used in that same thread. The object was created in thread id 123988330428224 and this is thread id 123987986220608.
dbm.sqlite3.error: SQLite objects created in a thread can only be used in that same thread. The object was created in thread id 123988330428224 and this is thread id 123985528358464.
dbm.sqlite3.error: SQLite objects created in a thread can only be used in that same thread. The object was created in thread id 123988330428224 and this is thread id 123985972954688.
  File "/home/mrigankp/fuzz4py/cpython/Lib/dbm/sqlite3.py", line 81, in _execute
    raise error(str(exc))
  File "/home/mrigankp/fuzz4py/fuzz4py/inputs/790.py", line 15, in worker
    db[str(data)] = data * 2
    ~~^^^^^^^^^^^
dbm.sqlite3.error: SQLite objects created in a thread can only be used in that same thread. The object was created in thread id 123988330428224 and this is thread id 123985920525888.
  File "/home/mrigankp/fuzz4py/fuzz4py/inputs/790.py", line 15, in worker
    db[str(data)] = data * 2
    ~~^^^^^^^^^^^
  File "/home/mrigankp/fuzz4py/fuzz4py/inputs/790.py", line 15, in worker
    db[str(data)] = data * 2
    ~~^^^^^^^^^^^
  File "/home/mrigankp/fuzz4py/cpython/Lib/threading.py", line 1041, in _bootstrap_inner
    self.run()
    ~~~~~~~~^^
dbm.sqlite3.error: SQLite objects created in a thread can only be used in that same thread. The object was created in thread id 123988330428224 and this is thread id 123986344150592.
  File "/home/mrigankp/fuzz4py/cpython/Lib/dbm/sqlite3.py", line 81, in _execute
    raise error(str(exc))
dbm.sqlite3.error: SQLite objects created in a thread can only be used in that same thread. The object was created in thread id 123988330428224 and this is thread id 123986163795520.
  File "/home/mrigankp/fuzz4py/cpython/Lib/dbm/sqlite3.py", line 81, in _execute
    raise error(str(exc))
  File "/home/mrigankp/fuzz4py/cpython/Lib/dbm/sqlite3.py", line 81, in _execute
    raise error(str(exc))
  File "/home/mrigankp/fuzz4py/cpython/Lib/dbm/sqlite3.py", line 81, in _execute
    raise error(str(exc))
  File "/home/mrigankp/fuzz4py/cpython/Lib/dbm/sqlite3.py", line 96, in __setitem__
    self._execute(STORE_KV, (key, value))
    ~~~~~~~~~~~~~^^^^^^^^^^^^^^^^^^^^^^^^
  File "/home/mrigankp/fuzz4py/cpython/Lib/dbm/sqlite3.py", line 96, in __setitem__
    self._execute(STORE_KV, (key, value))
    ~~~~~~~~~~~~~^^^^^^^^^^^^^^^^^^^^^^^^
  File "/home/mrigankp/fuzz4py/fuzz4py/inputs/790.py", line 15, in worker
    db[str(data)] = data * 2
    ~~^^^^^^^^^^^
  File "/home/mrigankp/fuzz4py/cpython/Lib/dbm/sqlite3.py", line 81, in _execute
    raise error(str(exc))
dbm.sqlite3.error: SQLite objects created in a thread can only be used in that same thread. The object was created in thread id 123988330428224 and this is thread id 123985951983168.
  File "/home/mrigankp/fuzz4py/cpython/Lib/dbm/sqlite3.py", line 96, in __setitem__
    self._execute(STORE_KV, (key, value))
    ~~~~~~~~~~~~~^^^^^^^^^^^^^^^^^^^^^^^^
  File "/home/mrigankp/fuzz4py/cpython/Lib/dbm/sqlite3.py", line 96, in __setitem__
    self._execute(STORE_KV, (key, value))
    ~~~~~~~~~~~~~^^^^^^^^^^^^^^^^^^^^^^^^
  File "/home/mrigankp/fuzz4py/cpython/Lib/dbm/sqlite3.py", line 81, in _execute
    raise error(str(exc))
  File "/home/mrigankp/fuzz4py/cpython/Lib/dbm/sqlite3.py", line 96, in __setitem__
    self._execute(STORE_KV, (key, value))
    ~~~~~~~~~~~~~^^^^^^^^^^^^^^^^^^^^^^^^
  File "/home/mrigankp/fuzz4py/cpython/Lib/threading.py", line 992, in run
    self._target(*self._args, **self._kwargs)
    ~~~~~~~~~~~~^^^^^^^^^^^^^^^^^^^^^^^^^^^^^
  File "/home/mrigankp/fuzz4py/cpython/Lib/threading.py", line 992, in run
    self._target(*self._args, **self._kwargs)
    ~~~~~~~~~~~~^^^^^^^^^^^^^^^^^^^^^^^^^^^^^
dbm.sqlite3.error: SQLite objects created in a thread can only be used in that same thread. The object was created in thread id 123988330428224 and this is thread id 123985316546112.
  File "/home/mrigankp/fuzz4py/cpython/Lib/dbm/sqlite3.py", line 96, in __setitem__
    self._execute(STORE_KV, (key, value))
    ~~~~~~~~~~~~~^^^^^^^^^^^^^^^^^^^^^^^^
  File "/home/mrigankp/fuzz4py/cpython/Lib/dbm/sqlite3.py", line 81, in _execute
    raise error(str(exc))
dbm.sqlite3.error: SQLite objects created in a thread can only be used in that same thread. The object was created in thread id 123988330428224 and this is thread id 123985125705280.
dbm.sqlite3.error: SQLite objects created in a thread can only be used in that same thread. The object was created in thread id 123988330428224 and this is thread id 123986142824000.
  File "/home/mrigankp/fuzz4py/cpython/Lib/dbm/sqlite3.py", line 81, in _execute
    raise error(str(exc))
  File "/home/mrigankp/fuzz4py/cpython/Lib/dbm/sqlite3.py", line 81, in _execute
    raise error(str(exc))
  File "/home/mrigankp/fuzz4py/cpython/Lib/dbm/sqlite3.py", line 96, in __setitem__
    self._execute(STORE_KV, (key, value))
    ~~~~~~~~~~~~~^^^^^^^^^^^^^^^^^^^^^^^^
dbm.sqlite3.error: SQLite objects created in a thread can only be used in that same thread. The object was created in thread id 123988330428224 and this is thread id 123985962468928.
  File "/home/mrigankp/fuzz4py/cpython/Lib/dbm/sqlite3.py", line 81, in _execute
    raise error(str(exc))
  File "/home/mrigankp/fuzz4py/cpython/Lib/threading.py", line 992, in run
    self._target(*self._args, **self._kwargs)
    ~~~~~~~~~~~~^^^^^^^^^^^^^^^^^^^^^^^^^^^^^
  File "/home/mrigankp/fuzz4py/cpython/Lib/dbm/sqlite3.py", line 96, in __setitem__
    self._execute(STORE_KV, (key, value))
    ~~~~~~~~~~~~~^^^^^^^^^^^^^^^^^^^^^^^^
  File "/home/mrigankp/fuzz4py/cpython/Lib/dbm/sqlite3.py", line 96, in __setitem__
    self._execute(STORE_KV, (key, value))
    ~~~~~~~~~~~~~^^^^^^^^^^^^^^^^^^^^^^^^
  File "/home/mrigankp/fuzz4py/cpython/Lib/dbm/sqlite3.py", line 81, in _execute
    raise error(str(exc))
  File "/home/mrigankp/fuzz4py/fuzz4py/inputs/790.py", line 15, in worker
    db[str(data)] = data * 2
    ~~^^^^^^^^^^^
dbm.sqlite3.error: SQLite objects created in a thread can only be used in that same thread. The object was created in thread id 123988330428224 and this is thread id 123986948130368.
dbm.sqlite3.error: SQLite objects created in a thread can only be used in that same thread. The object was created in thread id 123988330428224 and this is thread id 123986153309760.
dbm.sqlite3.error: SQLite objects created in a thread can only be used in that same thread. The object was created in thread id 123988330428224 and this is thread id 123986555962944.
  File "/home/mrigankp/fuzz4py/cpython/Lib/dbm/sqlite3.py", line 96, in __setitem__
    self._execute(STORE_KV, (key, value))
    ~~~~~~~~~~~~~^^^^^^^^^^^^^^^^^^^^^^^^
  File "/home/mrigankp/fuzz4py/cpython/Lib/dbm/sqlite3.py", line 81, in _execute
    raise error(str(exc))
  File "/home/mrigankp/fuzz4py/fuzz4py/inputs/790.py", line 15, in worker
    db[str(data)] = data * 2
    ~~^^^^^^^^^^^
  File "/home/mrigankp/fuzz4py/fuzz4py/inputs/790.py", line 15, in worker
    db[str(data)] = data * 2
    ~~^^^^^^^^^^^
  File "/home/mrigankp/fuzz4py/cpython/Lib/dbm/sqlite3.py", line 81, in _execute
    raise error(str(exc))
  File "/home/mrigankp/fuzz4py/cpython/Lib/threading.py", line 992, in run
    self._target(*self._args, **self._kwargs)
    ~~~~~~~~~~~~^^^^^^^^^^^^^^^^^^^^^^^^^^^^^
dbm.sqlite3.error: SQLite objects created in a thread can only be used in that same thread. The object was created in thread id 123988330428224 and this is thread id 123986725832256.
dbm.sqlite3.error: SQLite objects created in a thread can only be used in that same thread. The object was created in thread id 123988330428224 and this is thread id 123987180914240.
dbm.sqlite3.error: SQLite objects created in a thread can only be used in that same thread. The object was created in thread id 123988330428224 and this is thread id 123987371755072.
  File "/home/mrigankp/fuzz4py/cpython/Lib/dbm/sqlite3.py", line 81, in _execute
    raise error(str(exc))
  File "/home/mrigankp/fuzz4py/cpython/Lib/dbm/sqlite3.py", line 81, in _execute
    raise error(str(exc))
dbm.sqlite3.error: SQLite objects created in a thread can only be used in that same thread. The object was created in thread id 123988330428224 and this is thread id 123986767775296.
  File "/home/mrigankp/fuzz4py/cpython/Lib/dbm/sqlite3.py", line 96, in __setitem__
    self._execute(STORE_KV, (key, value))
    ~~~~~~~~~~~~~^^^^^^^^^^^^^^^^^^^^^^^^
  File "/home/mrigankp/fuzz4py/cpython/Lib/dbm/sqlite3.py", line 96, in __setitem__
    self._execute(STORE_KV, (key, value))
    ~~~~~~~~~~~~~^^^^^^^^^^^^^^^^^^^^^^^^
  File "/home/mrigankp/fuzz4py/fuzz4py/inputs/790.py", line 15, in worker
    db[str(data)] = data * 2
    ~~^^^^^^^^^^^
dbm.sqlite3.error: SQLite objects created in a thread can only be used in that same thread. The object was created in thread id 123988330428224 and this is thread id 123986333664832.
  File "/home/mrigankp/fuzz4py/cpython/Lib/dbm/sqlite3.py", line 96, in __setitem__
    self._execute(STORE_KV, (key, value))
    ~~~~~~~~~~~~~^^^^^^^^^^^^^^^^^^^^^^^^
dbm.sqlite3.error: SQLite objects created in a thread can only be used in that same thread. The object was created in thread id 123988330428224 and this is thread id 123986545477184.
dbm.sqlite3.error: SQLite objects created in a thread can only be used in that same thread. The object was created in thread id 123988330428224 and this is thread id 123985761142336.
  File "/home/mrigankp/fuzz4py/cpython/Lib/dbm/sqlite3.py", line 81, in _execute
    raise error(str(exc))
  File "/home/mrigankp/fuzz4py/cpython/Lib/dbm/sqlite3.py", line 81, in _execute
    raise error(str(exc))
  File "/home/mrigankp/fuzz4py/cpython/Lib/dbm/sqlite3.py", line 96, in __setitem__
    self._execute(STORE_KV, (key, value))
    ~~~~~~~~~~~~~^^^^^^^^^^^^^^^^^^^^^^^^
  File "/home/mrigankp/fuzz4py/fuzz4py/inputs/790.py", line 15, in worker
    db[str(data)] = data * 2
    ~~^^^^^^^^^^^
dbm.sqlite3.error: SQLite objects created in a thread can only be used in that same thread. The object was created in thread id 123988330428224 and this is thread id 123986524505664.
  File "/home/mrigankp/fuzz4py/cpython/Lib/dbm/sqlite3.py", line 81, in _execute
    raise error(str(exc))
dbm.sqlite3.error: SQLite objects created in a thread can only be used in that same thread. The object was created in thread id 123988330428224 and this is thread id 123985358489152.
dbm.sqlite3.error: SQLite objects created in a thread can only be used in that same thread. The object was created in thread id 123988330428224 and this is thread id 123986736318016.
  File "/home/mrigankp/fuzz4py/cpython/Lib/dbm/sqlite3.py", line 81, in _execute
    raise error(str(exc))
  File "/home/mrigankp/fuzz4py/cpython/Lib/dbm/sqlite3.py", line 81, in _execute
    raise error(str(exc))
  File "/home/mrigankp/fuzz4py/cpython/Lib/dbm/sqlite3.py", line 96, in __setitem__
    self._execute(STORE_KV, (key, value))
    ~~~~~~~~~~~~~^^^^^^^^^^^^^^^^^^^^^^^^
  File "/home/mrigankp/fuzz4py/cpython/Lib/dbm/sqlite3.py", line 81, in _execute
    raise error(str(exc))
dbm.sqlite3.error: SQLite objects created in a thread can only be used in that same thread. The object was created in thread id 123988330428224 and this is thread id 123986778261056.
dbm.sqlite3.error: SQLite objects created in a thread can only be used in that same thread. The object was created in thread id 123988330428224 and this is thread id 123985337517632.
dbm.sqlite3.error: SQLite objects created in a thread can only be used in that same thread. The object was created in thread id 123988330428224 and this is thread id 123986746803776.
dbm.sqlite3.error: SQLite objects created in a thread can only be used in that same thread. The object was created in thread id 123988330428224 and this is thread id 123987531138624.
dbm.sqlite3.error: SQLite objects created in a thread can only be used in that same thread. The object was created in thread id 123988330428224 and this is thread id 123985348003392.
dbm.sqlite3.error: SQLite objects created in a thread can only be used in that same thread. The object was created in thread id 123988330428224 and this is thread id 123986937644608.
dbm.sqlite3.error: SQLite objects created in a thread can only be used in that same thread. The object was created in thread id 123988330428224 and this is thread id 123985771628096.
dbm.sqlite3.error: SQLite objects created in a thread can only be used in that same thread. The object was created in thread id 123988330428224 and this is thread id 123988177061440.
  File "/home/mrigankp/fuzz4py/cpython/Lib/dbm/sqlite3.py", line 81, in _execute
    raise error(str(exc))
  File "/home/mrigankp/fuzz4py/cpython/Lib/dbm/sqlite3.py", line 96, in __setitem__
    self._execute(STORE_KV, (key, value))
    ~~~~~~~~~~~~~^^^^^^^^^^^^^^^^^^^^^^^^
  File "/home/mrigankp/fuzz4py/cpython/Lib/dbm/sqlite3.py", line 96, in __setitem__
    self._execute(STORE_KV, (key, value))
    ~~~~~~~~~~~~~^^^^^^^^^^^^^^^^^^^^^^^^
  File "/home/mrigankp/fuzz4py/cpython/Lib/dbm/sqlite3.py", line 81, in _execute
    raise error(str(exc))
  File "/home/mrigankp/fuzz4py/cpython/Lib/dbm/sqlite3.py", line 81, in _execute
    raise error(str(exc))
dbm.sqlite3.error: SQLite objects created in a thread can only be used in that same thread. The object was created in thread id 123988330428224 and this is thread id 123985115219520.
dbm.sqlite3.error: SQLite objects created in a thread can only be used in that same thread. The object was created in thread id 123988330428224 and this is thread id 123986375607872.
dbm.sqlite3.error: SQLite objects created in a thread can only be used in that same thread. The object was created in thread id 123988330428224 and this is thread id 123985157162560.


