22
: replace() takes 1 positional argument but 2 were given


24
: replace() does not support dict objects


29
: '>' not supported between instances of 'NoneType' and 'int'


32
: '>' not supported between instances of 'list' and 'int'


33
: '>' not supported between instances of 'list' and 'int'


53
: catching classes that do not inherit from BaseException is not allowed


55
: catching classes that do not inherit from BaseException is not allowed


62
: replace() takes 1 positional argument but 2 were given


100
: replace() takes 1 positional argument but 2 were given


102
: unsupported operand type(s) for +=: 'int' and 'bytes'


103
: can only concatenate str (not "int") to str


208
: replace() takes 1 positional argument but 2 were given


228
: replace() does not support list objects


238
: int() argument must be a string, a bytes-like object or a real number, not 'NoneType'


239
: int() argument must be a string, a bytes-like object or a real number, not 'list'


279
: unsupported operand type(s) for +=: 'NoneType' and 'int'


280
: unsupported operand type(s) for +=: 'NoneType' and 'int'


282
: can only concatenate str (not "int") to str


283
: unsupported operand type(s) for +=: 'NoneType' and 'int'


284
: can only concatenate str (not "int") to str


285
: unsupported operand type(s) for +=: 'NoneType' and 'int'


289
: test_replacement.<locals>.MyObject.__replace__() missing 1 required positional argument: 'other'


316
: replace() takes 1 positional argument but 2 were given


318
: replace() takes 1 positional argument but 2 were given


319
: replace() takes 1 positional argument but 2 were given


321
: replace() takes 1 positional argument but 2 were given


327
: isinstance() arg 2 must be a type, a tuple of types, or a union


328
: isinstance() arg 2 must be a type, a tuple of types, or a union


329
: isinstance() arg 2 must be a type, a tuple of types, or a union


392
: tuple indices must be integers or slices, not str


399
: object of type 'NoneType' has no len()

----------------------------------------------------------------------
Ran 1 test in 0.103s

FAILED (errors=1)


400
: object of type 'NoneType' has no len()

----------------------------------------------------------------------
Ran 1 test in 0.103s

FAILED (errors=1)


408
: object of type 'int' has no len()


409
: object of type 'int' has no len()


410
: object of type 'int' has no len()


412
: object of type 'int' has no len()


414
: object of type 'int' has no len()


419
: replace() takes 1 positional argument but 2 were given


420
: replace() takes 1 positional argument but 2 were given


436
: replace() takes 1 positional argument but 2 were given


437
: replace() takes 1 positional argument but 2 were given


446
: unsupported operand type(s) for *: 'NoneType' and 'int'


451
: unsupported operand type(s) for *: 'NoneType' and 'int'


506
: unsupported operand type(s) for +=: 'int' and 'str'


508
: unsupported operand type(s) for +=: 'int' and 'str'


509
: unsupported operand type(s) for +=: 'int' and 'str'


534
: replace() does not support dict objects


536
: replace() does not support list objects


568
: unsupported operand type(s) for +=: 'int' and 'str'


569
: unsupported operand type(s) for +=: 'int' and 'str'


574
: test_complex_annotations() takes 0 positional arguments but 1 was given


575
: test_complex_annotations() missing 1 required positional argument: 'data'


576
: test_complex_annotations() missing 1 required positional argument: 'data'


581
: '_contextvars.Token' object does not support the context manager protocol


582
: '_contextvars.Token' object does not support the context manager protocol


583
: '_contextvars.Token' object does not support the context manager protocol


584
: '_contextvars.Token' object does not support the context manager protocol


585
: '_contextvars.Token' object does not support the context manager protocol


586
: '_contextvars.Token' object does not support the context manager protocol


587
: '_contextvars.Token' object does not support the context manager protocol


588
: '_contextvars.Token' object does not support the context manager protocol


589
: '_contextvars.Token' object does not support the context manager protocol


590
: '_contextvars.Token' object does not support the context manager protocol


591
: '_contextvars.Token' object does not support the context manager protocol


592
: '_contextvars.Token' object does not support the context manager protocol


593
: '_contextvars.Token' object does not support the context manager protocol


594
: '_contextvars.Token' object does not support the context manager protocol


595
: '_contextvars.Token' object does not support the context manager protocol


596
: '_contextvars.Token' object does not support the context manager protocol


619
: isinstance() arg 2 must be a type, a tuple of types, or a union


620
: isinstance() arg 2 must be a type, a tuple of types, or a union


621
: isinstance() arg 2 must be a type, a tuple of types, or a union


623
: isinstance() arg 2 must be a type, a tuple of types, or a union


624
: isinstance() arg 2 must be a type, a tuple of types, or a union


630
: isinstance() arg 2 must be a type, a tuple of types, or a union


631
: isinstance() arg 2 must be a type, a tuple of types, or a union


632
: isinstance() arg 2 must be a type, a tuple of types, or a union


633
: isinstance() arg 2 must be a type, a tuple of types, or a union


634
: isinstance() arg 2 must be a type, a tuple of types, or a union


651
: unsupported operand type(s) for *: 'NoneType' and 'float'


652
: replace() takes 1 positional argument but 2 were given


656
: catching classes that do not inherit from BaseException is not allowed


657
: catching classes that do not inherit from BaseException is not allowed


658
: catching classes that do not inherit from BaseException is not allowed


661
: unsupported operand type(s) for +=: 'int' and 'list'


667
: 'int' object is not iterable


668
: 'int' object is not iterable


676
: replace() takes 1 positional argument but 2 were given


682
: jit_test_function() takes 1 positional argument but 10000 were given


746
: 'int' object is not iterable


747
: 'int' object is not iterable


748
: 'int' object is not iterable


759
: replace() does not support int objects


781
: posix.times() takes no arguments (1 given)


797
: replace() takes 1 positional argument but 2 were given


799
: 'int' object is not iterable


811
: unsupported operand type(s) for +=: 'int' and 'str'


812
: unsupported operand type(s) for +=: 'int' and 'str'


818
: catching classes that do not inherit from BaseException is not allowed


820
: catching classes that do not inherit from BaseException is not allowed


821
: catching classes that do not inherit from BaseException is not allowed


822
: catching classes that do not inherit from BaseException is not allowed


823
: can only concatenate str (not "int") to str


844
: cafile, capath and cadata cannot be all omitted


845
: main.<locals>.Point.__init__() missing 1 required positional argument: 'y'


847
: test_function.<locals>.<lambda>() takes 0 positional arguments but 3 were given


848
: test_function.<locals>.<lambda>() takes 0 positional arguments but 3 were given


851
: test_function.<locals>.<lambda>() takes 0 positional arguments but 3 were given


863
: replace() takes 1 positional argument but 2 were given


906
: catching classes that do not inherit from BaseException is not allowed


907
: catching classes that do not inherit from BaseException is not allowed


967
: test_replace_protocol.<locals>.MyClass.__init__() missing 1 required positional argument: 'b'


998
: replace() does not support list objects


